{"/home/bills/dev/nebgov/backend/src/index.ts": {"path":"/home/bills/dev/nebgov/backend/src/index.ts","statementMap":{"0":{"start":{"line":1,"column":0},"end":{"line":1,"column":30}},"1":{"start":{"line":2,"column":0},"end":{"line":2,"column":24}},"2":{"start":{"line":3,"column":0},"end":{"line":3,"column":28}},"3":{"start":{"line":4,"column":0},"end":{"line":4,"column":43}},"4":{"start":{"line":5,"column":0},"end":{"line":5,"column":55}},"5":{"start":{"line":6,"column":0},"end":{"line":6,"column":53}},"6":{"start":{"line":8,"column":0},"end":{"line":8,"column":16}},"7":{"start":{"line":10,"column":12},"end":{"line":10,"column":21}},"8":{"start":{"line":11,"column":13},"end":{"line":11,"column":37}},"9":{"start":{"line":14,"column":22},"end":{"line":20,"column":2}},"10":{"start":{"line":22,"column":20},"end":{"line":28,"column":2}},"11":{"start":{"line":30,"column":27},"end":{"line":36,"column":2}},"12":{"start":{"line":39,"column":0},"end":{"line":39,"column":16}},"13":{"start":{"line":40,"column":0},"end":{"line":40,"column":24}},"14":{"start":{"line":43,"column":0},"end":{"line":45,"column":3}},"15":{"start":{"line":44,"column":2},"end":{"line":44,"column":66}},"16":{"start":{"line":48,"column":0},"end":{"line":48,"column":23}},"17":{"start":{"line":51,"column":0},"end":{"line":51,"column":45}},"18":{"start":{"line":52,"column":0},"end":{"line":52,"column":48}},"19":{"start":{"line":53,"column":0},"end":{"line":53,"column":49}},"20":{"start":{"line":54,"column":0},"end":{"line":54,"column":52}},"21":{"start":{"line":55,"column":0},"end":{"line":55,"column":43}},"22":{"start":{"line":58,"column":0},"end":{"line":68,"column":2}},"23":{"start":{"line":65,"column":4},"end":{"line":65,"column":43}},"24":{"start":{"line":66,"column":4},"end":{"line":66,"column":61}},"25":{"start":{"line":70,"column":0},"end":{"line":74,"column":1}},"26":{"start":{"line":71,"column":2},"end":{"line":73,"column":5}},"27":{"start":{"line":72,"column":4},"end":{"line":72,"column":58}},"28":{"start":{"line":76,"column":0},"end":{"line":76,"column":19}}},"fnMap":{"0":{"name":"(anonymous_1)","decl":{"start":{"line":43,"column":19},"end":{"line":43,"column":20}},"loc":{"start":{"line":43,"column":33},"end":{"line":45,"column":1}}},"1":{"name":"(anonymous_2)","decl":{"start":{"line":59,"column":2},"end":{"line":59,"column":null}},"loc":{"start":{"line":64,"column":6},"end":{"line":67,"column":3}}},"2":{"name":"(anonymous_3)","decl":{"start":{"line":71,"column":19},"end":{"line":71,"column":22}},"loc":{"start":{"line":71,"column":24},"end":{"line":73,"column":3}}}},"branchMap":{"0":{"loc":{"start":{"line":11,"column":13},"end":{"line":11,"column":37}},"type":"binary-expr","locations":[{"start":{"line":11,"column":13},"end":{"line":11,"column":29}},{"start":{"line":11,"column":33},"end":{"line":11,"column":37}}]},"1":{"loc":{"start":{"line":70,"column":0},"end":{"line":74,"column":1}},"type":"if","locations":[{"start":{"line":70,"column":0},"end":{"line":74,"column":1}}]}},"s":{"0":3,"1":3,"2":3,"3":3,"4":3,"5":3,"6":3,"7":3,"8":3,"9":3,"10":3,"11":3,"12":3,"13":3,"14":3,"15":0,"16":3,"17":3,"18":3,"19":3,"20":3,"21":3,"22":3,"23":0,"24":0,"25":3,"26":0,"27":0,"28":3},"f":{"0":0,"1":0,"2":0},"b":{"0":[3,3],"1":[0]}}
,"/home/bills/dev/nebgov/backend/src/db/migrate.ts": {"path":"/home/bills/dev/nebgov/backend/src/db/migrate.ts","statementMap":{"0":{"start":{"line":1,"column":0},"end":{"line":1,"column":34}},"1":{"start":{"line":2,"column":0},"end":{"line":2,"column":28}},"2":{"start":{"line":3,"column":0},"end":{"line":3,"column":26}},"3":{"start":{"line":6,"column":2},"end":{"line":17,"column":3}},"4":{"start":{"line":7,"column":4},"end":{"line":7,"column":50}},"5":{"start":{"line":9,"column":19},"end":{"line":9,"column":71}},"6":{"start":{"line":10,"column":4},"end":{"line":10,"column":29}},"7":{"start":{"line":12,"column":4},"end":{"line":12,"column":55}},"8":{"start":{"line":13,"column":4},"end":{"line":13,"column":20}},"9":{"start":{"line":15,"column":4},"end":{"line":15,"column":48}},"10":{"start":{"line":16,"column":4},"end":{"line":16,"column":20}},"11":{"start":{"line":20,"column":0},"end":{"line":20,"column":10}}},"fnMap":{"0":{"name":"migrate","decl":{"start":{"line":5,"column":15},"end":{"line":5,"column":22}},"loc":{"start":{"line":5,"column":22},"end":{"line":18,"column":1}}}},"branchMap":{},"s":{"0":0,"1":0,"2":0,"3":0,"4":0,"5":0,"6":0,"7":0,"8":0,"9":0,"10":0,"11":0},"f":{"0":0},"b":{}}
,"/home/bills/dev/nebgov/backend/src/db/pool.ts": {"path":"/home/bills/dev/nebgov/backend/src/db/pool.ts","statementMap":{"0":{"start":{"line":1,"column":0},"end":{"line":1,"column":26}},"1":{"start":{"line":2,"column":0},"end":{"line":2,"column":28}},"2":{"start":{"line":4,"column":0},"end":{"line":4,"column":16}},"3":{"start":{"line":6,"column":13},"end":{"line":12,"column":3}},"4":{"start":{"line":14,"column":0},"end":{"line":17,"column":3}},"5":{"start":{"line":15,"column":2},"end":{"line":15,"column":56}},"6":{"start":{"line":16,"column":2},"end":{"line":16,"column":19}},"7":{"start":{"line":19,"column":0},"end":{"line":19,"column":20}}},"fnMap":{"0":{"name":"(anonymous_1)","decl":{"start":{"line":14,"column":17},"end":{"line":14,"column":18}},"loc":{"start":{"line":14,"column":25},"end":{"line":17,"column":1}}}},"branchMap":{},"s":{"0":3,"1":3,"2":3,"3":3,"4":3,"5":0,"6":0,"7":3},"f":{"0":0},"b":{}}
,"/home/bills/dev/nebgov/backend/src/jobs/leaderboard-snapshot.ts": {"path":"/home/bills/dev/nebgov/backend/src/jobs/leaderboard-snapshot.ts","statementMap":{"0":{"start":{"line":7,"column":0},"end":{"line":7,"column":7}},"1":{"start":{"line":1,"column":0},"end":{"line":1,"column":30}},"2":{"start":{"line":8,"column":17},"end":{"line":8,"column":37}},"3":{"start":{"line":10,"column":2},"end":{"line":42,"column":3}},"4":{"start":{"line":11,"column":4},"end":{"line":11,"column":32}},"5":{"start":{"line":13,"column":18},"end":{"line":13,"column":28}},"6":{"start":{"line":14,"column":4},"end":{"line":14,"column":31}},"7":{"start":{"line":17,"column":30},"end":{"line":21,"column":6}},"8":{"start":{"line":24,"column":4},"end":{"line":32,"column":5}},"9":{"start":{"line":25,"column":6},"end":{"line":31,"column":8}},"10":{"start":{"line":34,"column":4},"end":{"line":34,"column":33}},"11":{"start":{"line":35,"column":4},"end":{"line":35,"column":75}},"12":{"start":{"line":37,"column":4},"end":{"line":37,"column":35}},"13":{"start":{"line":38,"column":4},"end":{"line":38,"column":67}},"14":{"start":{"line":39,"column":4},"end":{"line":39,"column":16}},"15":{"start":{"line":41,"column":4},"end":{"line":41,"column":21}},"16":{"start":{"line":46,"column":0},"end":{"line":50,"column":1}},"17":{"start":{"line":47,"column":2},"end":{"line":49,"column":34}},"18":{"start":{"line":48,"column":16},"end":{"line":48,"column":31}},"19":{"start":{"line":49,"column":17},"end":{"line":49,"column":32}}},"fnMap":{"0":{"name":"takeLeaderboardSnapshot","decl":{"start":{"line":7,"column":22},"end":{"line":7,"column":45}},"loc":{"start":{"line":7,"column":45},"end":{"line":43,"column":1}}},"1":{"name":"(anonymous_2)","decl":{"start":{"line":48,"column":10},"end":{"line":48,"column":13}},"loc":{"start":{"line":48,"column":16},"end":{"line":48,"column":31}}},"2":{"name":"(anonymous_3)","decl":{"start":{"line":49,"column":11},"end":{"line":49,"column":14}},"loc":{"start":{"line":49,"column":17},"end":{"line":49,"column":32}}}},"branchMap":{"0":{"loc":{"start":{"line":46,"column":0},"end":{"line":50,"column":1}},"type":"if","locations":[{"start":{"line":46,"column":0},"end":{"line":50,"column":1}}]}},"s":{"0":0,"1":0,"2":0,"3":0,"4":0,"5":0,"6":0,"7":0,"8":0,"9":0,"10":0,"11":0,"12":0,"13":0,"14":0,"15":0,"16":0,"17":0,"18":0,"19":0},"f":{"0":0,"1":0,"2":0},"b":{"0":[0]}}
,"/home/bills/dev/nebgov/backend/src/middleware/auth.ts": {"path":"/home/bills/dev/nebgov/backend/src/middleware/auth.ts","statementMap":{"0":{"start":{"line":2,"column":0},"end":{"line":2,"column":31}},"1":{"start":{"line":9,"column":28},"end":{"line":32,"column":1}},"2":{"start":{"line":14,"column":2},"end":{"line":31,"column":3}},"3":{"start":{"line":15,"column":18},"end":{"line":15,"column":58}},"4":{"start":{"line":17,"column":4},"end":{"line":19,"column":5}},"5":{"start":{"line":18,"column":6},"end":{"line":18,"column":72}},"6":{"start":{"line":21,"column":20},"end":{"line":21,"column":null}},"7":{"start":{"line":26,"column":4},"end":{"line":26,"column":32}},"8":{"start":{"line":27,"column":4},"end":{"line":27,"column":46}},"9":{"start":{"line":28,"column":4},"end":{"line":28,"column":11}},"10":{"start":{"line":30,"column":4},"end":{"line":30,"column":71}},"11":{"start":{"line":9,"column":13},"end":{"line":9,"column":28}}},"fnMap":{"0":{"name":"(anonymous_1)","decl":{"start":{"line":9,"column":28},"end":{"line":9,"column":null}},"loc":{"start":{"line":13,"column":4},"end":{"line":32,"column":1}}}},"branchMap":{"0":{"loc":{"start":{"line":17,"column":4},"end":{"line":19,"column":5}},"type":"if","locations":[{"start":{"line":17,"column":4},"end":{"line":19,"column":5}}]}},"s":{"0":4,"1":4,"2":0,"3":0,"4":0,"5":0,"6":0,"7":0,"8":0,"9":0,"10":0,"11":4},"f":{"0":0},"b":{"0":[0]}}
,"/home/bills/dev/nebgov/backend/src/routes/competitions.ts": {"path":"/home/bills/dev/nebgov/backend/src/routes/competitions.ts","statementMap":{"0":{"start":{"line":1,"column":0},"end":{"line":1,"column":52}},"1":{"start":{"line":2,"column":0},"end":{"line":2,"column":73}},"2":{"start":{"line":3,"column":0},"end":{"line":3,"column":30}},"3":{"start":{"line":4,"column":0},"end":{"line":4,"column":63}},"4":{"start":{"line":8,"column":15},"end":{"line":8,"column":23}},"5":{"start":{"line":11,"column":0},"end":{"line":82,"column":2}},"6":{"start":{"line":25,"column":19},"end":{"line":25,"column":40}},"7":{"start":{"line":26,"column":4},"end":{"line":28,"column":5}},"8":{"start":{"line":27,"column":6},"end":{"line":27,"column":62}},"9":{"start":{"line":30,"column":4},"end":{"line":80,"column":5}},"10":{"start":{"line":31,"column":23},"end":{"line":31,"column":65}},"11":{"start":{"line":32,"column":20},"end":{"line":32,"column":78}},"12":{"start":{"line":33,"column":21},"end":{"line":35,"column":11}},"13":{"start":{"line":37,"column":22},"end":{"line":44,"column":8}},"14":{"start":{"line":45,"column":33},"end":{"line":45,"column":35}},"15":{"start":{"line":46,"column":23},"end":{"line":46,"column":24}},"16":{"start":{"line":48,"column":6},"end":{"line":52,"column":7}},"17":{"start":{"line":49,"column":8},"end":{"line":49,"column":57}},"18":{"start":{"line":50,"column":8},"end":{"line":50,"column":35}},"19":{"start":{"line":51,"column":8},"end":{"line":51,"column":21}},"20":{"start":{"line":54,"column":6},"end":{"line":54,"column":63}},"21":{"start":{"line":55,"column":6},"end":{"line":55,"column":69}},"22":{"start":{"line":56,"column":6},"end":{"line":56,"column":38}},"23":{"start":{"line":58,"column":21},"end":{"line":58,"column":61}},"24":{"start":{"line":60,"column":23},"end":{"line":60,"column":68}},"25":{"start":{"line":61,"column":33},"end":{"line":61,"column":35}},"26":{"start":{"line":63,"column":6},"end":{"line":66,"column":7}},"27":{"start":{"line":64,"column":8},"end":{"line":64,"column":44}},"28":{"start":{"line":65,"column":8},"end":{"line":65,"column":35}},"29":{"start":{"line":68,"column":26},"end":{"line":68,"column":67}},"30":{"start":{"line":69,"column":20},"end":{"line":69,"column":55}},"31":{"start":{"line":71,"column":6},"end":{"line":76,"column":9}},"32":{"start":{"line":78,"column":6},"end":{"line":78,"column":59}},"33":{"start":{"line":79,"column":6},"end":{"line":79,"column":70}},"34":{"start":{"line":85,"column":0},"end":{"line":123,"column":2}},"35":{"start":{"line":89,"column":19},"end":{"line":89,"column":40}},"36":{"start":{"line":90,"column":4},"end":{"line":92,"column":5}},"37":{"start":{"line":91,"column":6},"end":{"line":91,"column":62}},"38":{"start":{"line":94,"column":4},"end":{"line":121,"column":5}},"39":{"start":{"line":95,"column":28},"end":{"line":95,"column":51}},"40":{"start":{"line":97,"column":21},"end":{"line":99,"column":null}},"41":{"start":{"line":102,"column":6},"end":{"line":104,"column":7}},"42":{"start":{"line":103,"column":8},"end":{"line":103,"column":72}},"43":{"start":{"line":106,"column":26},"end":{"line":106,"column":40}},"44":{"start":{"line":107,"column":28},"end":{"line":107,"column":43}},"45":{"start":{"line":109,"column":6},"end":{"line":115,"column":7}},"46":{"start":{"line":110,"column":34},"end":{"line":112,"column":null}},"47":{"start":{"line":114,"column":8},"end":{"line":114,"column":63}},"48":{"start":{"line":117,"column":6},"end":{"line":117,"column":25}},"49":{"start":{"line":119,"column":6},"end":{"line":119,"column":58}},"50":{"start":{"line":120,"column":6},"end":{"line":120,"column":69}},"51":{"start":{"line":126,"column":0},"end":{"line":191,"column":2}},"52":{"start":{"line":140,"column":19},"end":{"line":140,"column":40}},"53":{"start":{"line":141,"column":4},"end":{"line":143,"column":5}},"54":{"start":{"line":142,"column":6},"end":{"line":142,"column":62}},"55":{"start":{"line":145,"column":4},"end":{"line":189,"column":5}},"56":{"start":{"line":146,"column":28},"end":{"line":146,"column":51}},"57":{"start":{"line":147,"column":20},"end":{"line":147,"column":78}},"58":{"start":{"line":148,"column":21},"end":{"line":150,"column":11}},"59":{"start":{"line":152,"column":25},"end":{"line":154,"column":null}},"60":{"start":{"line":157,"column":6},"end":{"line":159,"column":7}},"61":{"start":{"line":158,"column":8},"end":{"line":158,"column":72}},"62":{"start":{"line":161,"column":24},"end":{"line":170,"column":8}},"63":{"start":{"line":172,"column":21},"end":{"line":172,"column":80}},"64":{"start":{"line":174,"column":26},"end":{"line":176,"column":null}},"65":{"start":{"line":178,"column":20},"end":{"line":178,"column":55}},"66":{"start":{"line":180,"column":6},"end":{"line":185,"column":9}},"67":{"start":{"line":187,"column":6},"end":{"line":187,"column":59}},"68":{"start":{"line":188,"column":6},"end":{"line":188,"column":70}},"69":{"start":{"line":194,"column":0},"end":{"line":272,"column":2}},"70":{"start":{"line":199,"column":19},"end":{"line":199,"column":40}},"71":{"start":{"line":200,"column":4},"end":{"line":202,"column":5}},"72":{"start":{"line":201,"column":6},"end":{"line":201,"column":62}},"73":{"start":{"line":204,"column":19},"end":{"line":204,"column":39}},"74":{"start":{"line":205,"column":4},"end":{"line":270,"column":5}},"75":{"start":{"line":206,"column":6},"end":{"line":206,"column":34}},"76":{"start":{"line":208,"column":28},"end":{"line":208,"column":51}},"77":{"start":{"line":209,"column":21},"end":{"line":209,"column":32}},"78":{"start":{"line":212,"column":25},"end":{"line":214,"column":null}},"79":{"start":{"line":217,"column":6},"end":{"line":220,"column":7}},"80":{"start":{"line":218,"column":8},"end":{"line":218,"column":39}},"81":{"start":{"line":219,"column":8},"end":{"line":219,"column":72}},"82":{"start":{"line":222,"column":26},"end":{"line":222,"column":44}},"83":{"start":{"line":224,"column":6},"end":{"line":227,"column":7}},"84":{"start":{"line":225,"column":8},"end":{"line":225,"column":39}},"85":{"start":{"line":226,"column":8},"end":{"line":226,"column":76}},"86":{"start":{"line":230,"column":6},"end":{"line":235,"column":7}},"87":{"start":{"line":231,"column":8},"end":{"line":231,"column":39}},"88":{"start":{"line":232,"column":8},"end":{"line":234,"column":62}},"89":{"start":{"line":238,"column":29},"end":{"line":240,"column":null}},"90":{"start":{"line":243,"column":6},"end":{"line":248,"column":7}},"91":{"start":{"line":244,"column":8},"end":{"line":244,"column":39}},"92":{"start":{"line":245,"column":8},"end":{"line":247,"column":62}},"93":{"start":{"line":251,"column":27},"end":{"line":255,"column":null}},"94":{"start":{"line":258,"column":6},"end":{"line":258,"column":35}},"95":{"start":{"line":260,"column":6},"end":{"line":263,"column":9}},"96":{"start":{"line":265,"column":6},"end":{"line":265,"column":37}},"97":{"start":{"line":266,"column":6},"end":{"line":266,"column":57}},"98":{"start":{"line":267,"column":6},"end":{"line":267,"column":68}},"99":{"start":{"line":269,"column":6},"end":{"line":269,"column":23}},"100":{"start":{"line":275,"column":0},"end":{"line":348,"column":2}},"101":{"start":{"line":280,"column":19},"end":{"line":280,"column":40}},"102":{"start":{"line":281,"column":4},"end":{"line":283,"column":5}},"103":{"start":{"line":282,"column":6},"end":{"line":282,"column":62}},"104":{"start":{"line":285,"column":19},"end":{"line":285,"column":39}},"105":{"start":{"line":286,"column":4},"end":{"line":346,"column":5}},"106":{"start":{"line":287,"column":6},"end":{"line":287,"column":34}},"107":{"start":{"line":289,"column":28},"end":{"line":289,"column":51}},"108":{"start":{"line":290,"column":21},"end":{"line":290,"column":32}},"109":{"start":{"line":293,"column":25},"end":{"line":295,"column":null}},"110":{"start":{"line":298,"column":6},"end":{"line":301,"column":7}},"111":{"start":{"line":299,"column":8},"end":{"line":299,"column":39}},"112":{"start":{"line":300,"column":8},"end":{"line":300,"column":72}},"113":{"start":{"line":303,"column":26},"end":{"line":303,"column":44}},"114":{"start":{"line":306,"column":6},"end":{"line":311,"column":7}},"115":{"start":{"line":307,"column":8},"end":{"line":307,"column":39}},"116":{"start":{"line":308,"column":8},"end":{"line":310,"column":11}},"117":{"start":{"line":314,"column":32},"end":{"line":316,"column":null}},"118":{"start":{"line":319,"column":6},"end":{"line":324,"column":7}},"119":{"start":{"line":320,"column":8},"end":{"line":320,"column":39}},"120":{"start":{"line":321,"column":8},"end":{"line":323,"column":68}},"121":{"start":{"line":326,"column":26},"end":{"line":326,"column":51}},"122":{"start":{"line":329,"column":6},"end":{"line":332,"column":8}},"123":{"start":{"line":334,"column":6},"end":{"line":334,"column":35}},"124":{"start":{"line":336,"column":6},"end":{"line":339,"column":9}},"125":{"start":{"line":341,"column":6},"end":{"line":341,"column":37}},"126":{"start":{"line":342,"column":6},"end":{"line":342,"column":57}},"127":{"start":{"line":343,"column":6},"end":{"line":343,"column":69}},"128":{"start":{"line":345,"column":6},"end":{"line":345,"column":23}},"129":{"start":{"line":350,"column":0},"end":{"line":350,"column":22}}},"fnMap":{"0":{"name":"(anonymous_1)","decl":{"start":{"line":24,"column":2},"end":{"line":24,"column":7}},"loc":{"start":{"line":24,"column":40},"end":{"line":81,"column":3}}},"1":{"name":"(anonymous_2)","decl":{"start":{"line":88,"column":2},"end":{"line":88,"column":7}},"loc":{"start":{"line":88,"column":44},"end":{"line":122,"column":3}}},"2":{"name":"(anonymous_3)","decl":{"start":{"line":139,"column":2},"end":{"line":139,"column":7}},"loc":{"start":{"line":139,"column":40},"end":{"line":190,"column":3}}},"3":{"name":"(anonymous_4)","decl":{"start":{"line":198,"column":2},"end":{"line":198,"column":7}},"loc":{"start":{"line":198,"column":34},"end":{"line":271,"column":3}}},"4":{"name":"(anonymous_5)","decl":{"start":{"line":279,"column":2},"end":{"line":279,"column":7}},"loc":{"start":{"line":279,"column":34},"end":{"line":347,"column":3}}}},"branchMap":{"0":{"loc":{"start":{"line":26,"column":4},"end":{"line":28,"column":5}},"type":"if","locations":[{"start":{"line":26,"column":4},"end":{"line":28,"column":5}}]},"1":{"loc":{"start":{"line":32,"column":20},"end":{"line":32,"column":78}},"type":"cond-expr","locations":[{"start":{"line":32,"column":38},"end":{"line":32,"column":73}},{"start":{"line":32,"column":76},"end":{"line":32,"column":78}}]},"2":{"loc":{"start":{"line":33,"column":21},"end":{"line":35,"column":11}},"type":"cond-expr","locations":[{"start":{"line":34,"column":10},"end":{"line":34,"column":46}},{"start":{"line":35,"column":10},"end":{"line":35,"column":11}}]},"3":{"loc":{"start":{"line":48,"column":6},"end":{"line":52,"column":7}},"type":"if","locations":[{"start":{"line":48,"column":6},"end":{"line":52,"column":7}}]},"4":{"loc":{"start":{"line":63,"column":6},"end":{"line":66,"column":7}},"type":"if","locations":[{"start":{"line":63,"column":6},"end":{"line":66,"column":7}}]},"5":{"loc":{"start":{"line":90,"column":4},"end":{"line":92,"column":5}},"type":"if","locations":[{"start":{"line":90,"column":4},"end":{"line":92,"column":5}}]},"6":{"loc":{"start":{"line":102,"column":6},"end":{"line":104,"column":7}},"type":"if","locations":[{"start":{"line":102,"column":6},"end":{"line":104,"column":7}}]},"7":{"loc":{"start":{"line":109,"column":6},"end":{"line":115,"column":7}},"type":"if","locations":[{"start":{"line":109,"column":6},"end":{"line":115,"column":7}}]},"8":{"loc":{"start":{"line":141,"column":4},"end":{"line":143,"column":5}},"type":"if","locations":[{"start":{"line":141,"column":4},"end":{"line":143,"column":5}}]},"9":{"loc":{"start":{"line":147,"column":20},"end":{"line":147,"column":78}},"type":"cond-expr","locations":[{"start":{"line":147,"column":38},"end":{"line":147,"column":73}},{"start":{"line":147,"column":76},"end":{"line":147,"column":78}}]},"10":{"loc":{"start":{"line":148,"column":21},"end":{"line":150,"column":11}},"type":"cond-expr","locations":[{"start":{"line":149,"column":10},"end":{"line":149,"column":46}},{"start":{"line":150,"column":10},"end":{"line":150,"column":11}}]},"11":{"loc":{"start":{"line":157,"column":6},"end":{"line":159,"column":7}},"type":"if","locations":[{"start":{"line":157,"column":6},"end":{"line":159,"column":7}}]},"12":{"loc":{"start":{"line":200,"column":4},"end":{"line":202,"column":5}},"type":"if","locations":[{"start":{"line":200,"column":4},"end":{"line":202,"column":5}}]},"13":{"loc":{"start":{"line":217,"column":6},"end":{"line":220,"column":7}},"type":"if","locations":[{"start":{"line":217,"column":6},"end":{"line":220,"column":7}}]},"14":{"loc":{"start":{"line":224,"column":6},"end":{"line":227,"column":7}},"type":"if","locations":[{"start":{"line":224,"column":6},"end":{"line":227,"column":7}}]},"15":{"loc":{"start":{"line":230,"column":6},"end":{"line":235,"column":7}},"type":"if","locations":[{"start":{"line":230,"column":6},"end":{"line":235,"column":7}}]},"16":{"loc":{"start":{"line":243,"column":6},"end":{"line":248,"column":7}},"type":"if","locations":[{"start":{"line":243,"column":6},"end":{"line":248,"column":7}}]},"17":{"loc":{"start":{"line":281,"column":4},"end":{"line":283,"column":5}},"type":"if","locations":[{"start":{"line":281,"column":4},"end":{"line":283,"column":5}}]},"18":{"loc":{"start":{"line":298,"column":6},"end":{"line":301,"column":7}},"type":"if","locations":[{"start":{"line":298,"column":6},"end":{"line":301,"column":7}}]},"19":{"loc":{"start":{"line":306,"column":6},"end":{"line":311,"column":7}},"type":"if","locations":[{"start":{"line":306,"column":6},"end":{"line":311,"column":7}}]},"20":{"loc":{"start":{"line":319,"column":6},"end":{"line":324,"column":7}},"type":"if","locations":[{"start":{"line":319,"column":6},"end":{"line":324,"column":7}}]}},"s":{"0":4,"1":4,"2":4,"3":4,"4":4,"5":4,"6":7,"7":7,"8":2,"9":5,"10":5,"11":5,"12":5,"13":5,"14":5,"15":5,"16":5,"17":1,"18":1,"19":1,"20":5,"21":5,"22":5,"23":5,"24":5,"25":5,"26":5,"27":1,"28":1,"29":5,"30":5,"31":5,"32":0,"33":0,"34":4,"35":3,"36":3,"37":1,"38":2,"39":2,"40":2,"41":2,"42":1,"43":1,"44":1,"45":1,"46":0,"47":0,"48":1,"49":0,"50":0,"51":4,"52":4,"53":4,"54":0,"55":4,"56":4,"57":4,"58":4,"59":4,"60":4,"61":1,"62":3,"63":3,"64":3,"65":3,"66":3,"67":0,"68":0,"69":4,"70":0,"71":0,"72":0,"73":0,"74":0,"75":0,"76":0,"77":0,"78":0,"79":0,"80":0,"81":0,"82":0,"83":0,"84":0,"85":0,"86":0,"87":0,"88":0,"89":0,"90":0,"91":0,"92":0,"93":0,"94":0,"95":0,"96":0,"97":0,"98":0,"99":0,"100":4,"101":0,"102":0,"103":0,"104":0,"105":0,"106":0,"107":0,"108":0,"109":0,"110":0,"111":0,"112":0,"113":0,"114":0,"115":0,"116":0,"117":0,"118":0,"119":0,"120":0,"121":0,"122":0,"123":0,"124":0,"125":0,"126":0,"127":0,"128":0,"129":4},"f":{"0":7,"1":3,"2":4,"3":0,"4":0},"b":{"0":[2],"1":[1,4],"2":[1,4],"3":[1],"4":[1],"5":[1],"6":[1],"7":[0],"8":[0],"9":[1,3],"10":[1,3],"11":[1],"12":[0],"13":[0],"14":[0],"15":[0],"16":[0],"17":[0],"18":[0],"19":[0],"20":[0]}}
,"/home/bills/dev/nebgov/backend/src/routes/leaderboard.ts": {"path":"/home/bills/dev/nebgov/backend/src/routes/leaderboard.ts","statementMap":{"0":{"start":{"line":1,"column":0},"end":{"line":1,"column":52}},"1":{"start":{"line":2,"column":0},"end":{"line":2,"column":60}},"2":{"start":{"line":3,"column":0},"end":{"line":3,"column":30}},"3":{"start":{"line":6,"column":15},"end":{"line":6,"column":23}},"4":{"start":{"line":9,"column":0},"end":{"line":103,"column":2}},"5":{"start":{"line":18,"column":19},"end":{"line":18,"column":40}},"6":{"start":{"line":19,"column":4},"end":{"line":21,"column":5}},"7":{"start":{"line":20,"column":6},"end":{"line":20,"column":62}},"8":{"start":{"line":23,"column":4},"end":{"line":101,"column":5}},"9":{"start":{"line":24,"column":19},"end":{"line":24,"column":53}},"10":{"start":{"line":25,"column":21},"end":{"line":27,"column":19}},"11":{"start":{"line":28,"column":20},"end":{"line":28,"column":78}},"12":{"start":{"line":29,"column":21},"end":{"line":31,"column":11}},"13":{"start":{"line":33,"column":22},"end":{"line":45,"column":8}},"14":{"start":{"line":46,"column":33},"end":{"line":46,"column":35}},"15":{"start":{"line":47,"column":23},"end":{"line":47,"column":24}},"16":{"start":{"line":49,"column":6},"end":{"line":53,"column":7}},"17":{"start":{"line":50,"column":8},"end":{"line":50,"column":62}},"18":{"start":{"line":51,"column":8},"end":{"line":51,"column":31}},"19":{"start":{"line":52,"column":8},"end":{"line":52,"column":21}},"20":{"start":{"line":55,"column":6},"end":{"line":59,"column":7}},"21":{"start":{"line":56,"column":8},"end":{"line":56,"column":56}},"22":{"start":{"line":57,"column":8},"end":{"line":57,"column":33}},"23":{"start":{"line":58,"column":8},"end":{"line":58,"column":21}},"24":{"start":{"line":61,"column":6},"end":{"line":61,"column":66}},"25":{"start":{"line":62,"column":6},"end":{"line":62,"column":69}},"26":{"start":{"line":63,"column":6},"end":{"line":63,"column":38}},"27":{"start":{"line":65,"column":21},"end":{"line":67,"column":null}},"28":{"start":{"line":71,"column":23},"end":{"line":71,"column":75}},"29":{"start":{"line":72,"column":33},"end":{"line":72,"column":35}},"30":{"start":{"line":73,"column":28},"end":{"line":73,"column":29}},"31":{"start":{"line":75,"column":6},"end":{"line":79,"column":7}},"32":{"start":{"line":76,"column":8},"end":{"line":76,"column":65}},"33":{"start":{"line":77,"column":8},"end":{"line":77,"column":31}},"34":{"start":{"line":78,"column":8},"end":{"line":78,"column":26}},"35":{"start":{"line":81,"column":6},"end":{"line":84,"column":7}},"36":{"start":{"line":82,"column":8},"end":{"line":82,"column":59}},"37":{"start":{"line":83,"column":8},"end":{"line":83,"column":33}},"38":{"start":{"line":86,"column":26},"end":{"line":86,"column":67}},"39":{"start":{"line":87,"column":20},"end":{"line":87,"column":55}},"40":{"start":{"line":89,"column":6},"end":{"line":97,"column":9}},"41":{"start":{"line":99,"column":6},"end":{"line":99,"column":66}},"42":{"start":{"line":100,"column":6},"end":{"line":100,"column":77}},"43":{"start":{"line":105,"column":0},"end":{"line":105,"column":22}}},"fnMap":{"0":{"name":"(anonymous_1)","decl":{"start":{"line":17,"column":2},"end":{"line":17,"column":7}},"loc":{"start":{"line":17,"column":40},"end":{"line":102,"column":3}}}},"branchMap":{"0":{"loc":{"start":{"line":19,"column":4},"end":{"line":21,"column":5}},"type":"if","locations":[{"start":{"line":19,"column":4},"end":{"line":21,"column":5}}]},"1":{"loc":{"start":{"line":25,"column":21},"end":{"line":27,"column":19}},"type":"cond-expr","locations":[{"start":{"line":26,"column":10},"end":{"line":26,"column":47}},{"start":{"line":27,"column":10},"end":{"line":27,"column":19}}]},"2":{"loc":{"start":{"line":28,"column":20},"end":{"line":28,"column":78}},"type":"cond-expr","locations":[{"start":{"line":28,"column":38},"end":{"line":28,"column":73}},{"start":{"line":28,"column":76},"end":{"line":28,"column":78}}]},"3":{"loc":{"start":{"line":29,"column":21},"end":{"line":31,"column":11}},"type":"cond-expr","locations":[{"start":{"line":30,"column":10},"end":{"line":30,"column":46}},{"start":{"line":31,"column":10},"end":{"line":31,"column":11}}]},"4":{"loc":{"start":{"line":49,"column":6},"end":{"line":53,"column":7}},"type":"if","locations":[{"start":{"line":49,"column":6},"end":{"line":53,"column":7}}]},"5":{"loc":{"start":{"line":55,"column":6},"end":{"line":59,"column":7}},"type":"if","locations":[{"start":{"line":55,"column":6},"end":{"line":59,"column":7}}]},"6":{"loc":{"start":{"line":75,"column":6},"end":{"line":79,"column":7}},"type":"if","locations":[{"start":{"line":75,"column":6},"end":{"line":79,"column":7}}]},"7":{"loc":{"start":{"line":81,"column":6},"end":{"line":84,"column":7}},"type":"if","locations":[{"start":{"line":81,"column":6},"end":{"line":84,"column":7}}]}},"s":{"0":3,"1":3,"2":3,"3":3,"4":3,"5":0,"6":0,"7":0,"8":0,"9":0,"10":0,"11":0,"12":0,"13":0,"14":0,"15":0,"16":0,"17":0,"18":0,"19":0,"20":0,"21":0,"22":0,"23":0,"24":0,"25":0,"26":0,"27":0,"28":0,"29":0,"30":0,"31":0,"32":0,"33":0,"34":0,"35":0,"36":0,"37":0,"38":0,"39":0,"40":0,"41":0,"42":0,"43":3},"f":{"0":0},"b":{"0":[0],"1":[0,0],"2":[0,0],"3":[0,0],"4":[0],"5":[0],"6":[0],"7":[0]}}
}
