TN:
SF:src/index.ts
FN:43,(anonymous_1)
FN:59,(anonymous_2)
FN:71,(anonymous_3)
FNF:3
FNH:0
FNDA:0,(anonymous_1)
FNDA:0,(anonymous_2)
FNDA:0,(anonymous_3)
DA:1,3
DA:2,3
DA:3,3
DA:4,3
DA:5,3
DA:6,3
DA:8,3
DA:10,3
DA:11,3
DA:14,3
DA:22,3
DA:30,3
DA:39,3
DA:40,3
DA:43,3
DA:44,0
DA:48,3
DA:51,3
DA:52,3
DA:53,3
DA:54,3
DA:55,3
DA:58,3
DA:65,0
DA:66,0
DA:70,3
DA:71,0
DA:72,0
DA:76,3
LF:29
LH:24
BRDA:11,0,0,3
BRDA:11,0,1,3
BRDA:70,1,0,0
BRF:3
BRH:2
end_of_record
TN:
SF:src/db/migrate.ts
FN:5,migrate
FNF:1
FNH:0
FNDA:0,migrate
DA:1,0
DA:2,0
DA:3,0
DA:6,0
DA:7,0
DA:9,0
DA:10,0
DA:12,0
DA:13,0
DA:15,0
DA:16,0
DA:20,0
LF:12
LH:0
BRF:0
BRH:0
end_of_record
TN:
SF:src/db/pool.ts
FN:14,(anonymous_1)
FNF:1
FNH:0
FNDA:0,(anonymous_1)
DA:1,3
DA:2,3
DA:4,3
DA:6,3
DA:14,3
DA:15,0
DA:16,0
DA:19,3
LF:8
LH:6
BRF:0
BRH:0
end_of_record
TN:
SF:src/jobs/leaderboard-snapshot.ts
FN:7,takeLeaderboardSnapshot
FN:48,(anonymous_2)
FN:49,(anonymous_3)
FNF:3
FNH:0
FNDA:0,takeLeaderboardSnapshot
FNDA:0,(anonymous_2)
FNDA:0,(anonymous_3)
DA:1,0
DA:7,0
DA:8,0
DA:10,0
DA:11,0
DA:13,0
DA:14,0
DA:17,0
DA:24,0
DA:25,0
DA:34,0
DA:35,0
DA:37,0
DA:38,0
DA:39,0
DA:41,0
DA:46,0
DA:47,0
DA:48,0
DA:49,0
LF:20
LH:0
BRDA:46,0,0,0
BRF:1
BRH:0
end_of_record
TN:
SF:src/middleware/auth.ts
FN:9,(anonymous_1)
FNF:1
FNH:0
FNDA:0,(anonymous_1)
DA:2,4
DA:9,4
DA:14,0
DA:15,0
DA:17,0
DA:18,0
DA:21,0
DA:26,0
DA:27,0
DA:28,0
DA:30,0
LF:11
LH:2
BRDA:17,0,0,0
BRF:1
BRH:0
end_of_record
TN:
SF:src/routes/competitions.ts
FN:24,(anonymous_1)
FN:88,(anonymous_2)
FN:139,(anonymous_3)
FN:198,(anonymous_4)
FN:279,(anonymous_5)
FNF:5
FNH:3
FNDA:7,(anonymous_1)
FNDA:3,(anonymous_2)
FNDA:4,(anonymous_3)
FNDA:0,(anonymous_4)
FNDA:0,(anonymous_5)
DA:1,4
DA:2,4
DA:3,4
DA:4,4
DA:8,4
DA:11,4
DA:25,7
DA:26,7
DA:27,2
DA:30,5
DA:31,5
DA:32,5
DA:33,5
DA:37,5
DA:45,5
DA:46,5
DA:48,5
DA:49,1
DA:50,1
DA:51,1
DA:54,5
DA:55,5
DA:56,5
DA:58,5
DA:60,5
DA:61,5
DA:63,5
DA:64,1
DA:65,1
DA:68,5
DA:69,5
DA:71,5
DA:78,0
DA:79,0
DA:85,4
DA:89,3
DA:90,3
DA:91,1
DA:94,2
DA:95,2
DA:97,2
DA:102,2
DA:103,1
DA:106,1
DA:107,1
DA:109,1
DA:110,0
DA:114,0
DA:117,1
DA:119,0
DA:120,0
DA:126,4
DA:140,4
DA:141,4
DA:142,0
DA:145,4
DA:146,4
DA:147,4
DA:148,4
DA:152,4
DA:157,4
DA:158,1
DA:161,3
DA:172,3
DA:174,3
DA:178,3
DA:180,3
DA:187,0
DA:188,0
DA:194,4
DA:199,0
DA:200,0
DA:201,0
DA:204,0
DA:205,0
DA:206,0
DA:208,0
DA:209,0
DA:212,0
DA:217,0
DA:218,0
DA:219,0
DA:222,0
DA:224,0
DA:225,0
DA:226,0
DA:230,0
DA:231,0
DA:232,0
DA:238,0
DA:243,0
DA:244,0
DA:245,0
DA:251,0
DA:258,0
DA:260,0
DA:265,0
DA:266,0
DA:267,0
DA:269,0
DA:275,4
DA:280,0
DA:281,0
DA:282,0
DA:285,0
DA:286,0
DA:287,0
DA:289,0
DA:290,0
DA:293,0
DA:298,0
DA:299,0
DA:300,0
DA:303,0
DA:306,0
DA:307,0
DA:308,0
DA:314,0
DA:319,0
DA:320,0
DA:321,0
DA:326,0
DA:329,0
DA:334,0
DA:336,0
DA:341,0
DA:342,0
DA:343,0
DA:345,0
DA:350,4
LF:130
LH:63
BRDA:26,0,0,2
BRDA:32,1,0,1
BRDA:32,1,1,4
BRDA:33,2,0,1
BRDA:33,2,1,4
BRDA:48,3,0,1
BRDA:63,4,0,1
BRDA:90,5,0,1
BRDA:102,6,0,1
BRDA:109,7,0,0
BRDA:141,8,0,0
BRDA:147,9,0,1
BRDA:147,9,1,3
BRDA:148,10,0,1
BRDA:148,10,1,3
BRDA:157,11,0,1
BRDA:200,12,0,0
BRDA:217,13,0,0
BRDA:224,14,0,0
BRDA:230,15,0,0
BRDA:243,16,0,0
BRDA:281,17,0,0
BRDA:298,18,0,0
BRDA:306,19,0,0
BRDA:319,20,0,0
BRF:25
BRH:14
end_of_record
TN:
SF:src/routes/leaderboard.ts
FN:17,(anonymous_1)
FNF:1
FNH:0
FNDA:0,(anonymous_1)
DA:1,3
DA:2,3
DA:3,3
DA:6,3
DA:9,3
DA:18,0
DA:19,0
DA:20,0
DA:23,0
DA:24,0
DA:25,0
DA:28,0
DA:29,0
DA:33,0
DA:46,0
DA:47,0
DA:49,0
DA:50,0
DA:51,0
DA:52,0
DA:55,0
DA:56,0
DA:57,0
DA:58,0
DA:61,0
DA:62,0
DA:63,0
DA:65,0
DA:71,0
DA:72,0
DA:73,0
DA:75,0
DA:76,0
DA:77,0
DA:78,0
DA:81,0
DA:82,0
DA:83,0
DA:86,0
DA:87,0
DA:89,0
DA:99,0
DA:100,0
DA:105,3
LF:44
LH:6
BRDA:19,0,0,0
BRDA:25,1,0,0
BRDA:25,1,1,0
BRDA:28,2,0,0
BRDA:28,2,1,0
BRDA:29,3,0,0
BRDA:29,3,1,0
BRDA:49,4,0,0
BRDA:55,5,0,0
BRDA:75,6,0,0
BRDA:81,7,0,0
BRF:11
BRH:0
end_of_record
